{"name": "Калькулятор: 8 : 2 = 4", "status": "broken", "statusDetails": {"message": "selenium.common.exceptions.TimeoutException: Message: \nStacktrace:\n\tGetHandleVerifier [0x0x7ff787133d85+79397]\n\tGetHandleVerifier [0x0x7ff787133de0+79488]\n\t(No symbol) [0x0x7ff786edc0fa]\n\t(No symbol) [0x0x7ff786f32fd6]\n\t(No symbol) [0x0x7ff786f3328c]\n\t(No symbol) [0x0x7ff786f86537]\n\t(No symbol) [0x0x7ff786f5b1df]\n\t(No symbol) [0x0x7ff786f83344]\n\t(No symbol) [0x0x7ff786f5af73]\n\t(No symbol) [0x0x7ff786f241b1]\n\t(No symbol) [0x0x7ff786f24f43]\n\tGetHandleVerifier [0x0x7ff7873fe1ed+3005069]\n\tGetHandleVerifier [0x0x7ff7873f831d+2980797]\n\tGetHandleVerifier [0x0x7ff787417e0d+3110573]\n\tGetHandleVerifier [0x0x7ff78714d6de+184190]\n\tGetHandleVerifier [0x0x7ff78715516f+215567]\n\tGetHandleVerifier [0x0x7ff78713c974+115220]\n\tGetHandleVerifier [0x0x7ff78713cb29+115657]\n\tGetHandleVerifier [0x0x7ff787123268+11016]\n\tBaseThreadInitThunk [0x0x7ffed172e8d7+23]\n\tRtlUserThreadStart [0x0x7ffed2168d9c+44]", "trace": "driver = <selenium.webdriver.chrome.webdriver.WebDriver (session=\"061fdc5aad4f0ddb266c55303094af55\")>, num1 = '8', operation = ':', num2 = '2', expected_result = '4', delay = 1\n\n    @pytest.mark.parametrize(\n        \"num1, operation, num2, expected_result, delay\",\n        [\n            (\"7\", \"+\", \"8\", \"15\", 1),\n            (\"9\", \"-\", \"3\", \"6\", 1),\n            (\"4\", \"x\", \"5\", \"20\", 2),\n            (\"8\", \":\", \"2\", \"4\", 1),\n        ],\n    )\n    @allure.title(\"Калькулятор: {num1} {operation} {num2} = {expected_result}\")\n    @allure.description(\"Проверка корректности расчётов калькулятора при разных операциях.\")\n    @allure.feature(\"Калькулятор\")\n    @allure.severity(allure.severity_level.CRITICAL)\n    def test_calculator_operations(driver, num1, operation, num2, expected_result, delay):\n        \"\"\"Тест проверяет корректность выполнения операций калькулятора.\"\"\"\n        page = SlowCalculatorPage(driver)\n    \n        with allure.step(\"Открываем страницу калькулятора\"):\n            page.open()\n    \n        with allure.step(f\"Устанавливаем задержку: {delay} сек\"):\n            page.set_delay(delay)\n    \n        with allure.step(\"Выполняем нажатия на кнопки\"):\n            page.click_button(num1)\n>           page.click_button(operation)\n\nlesson_10\\test_calc_page_allure.py:41: \n_ _ _ _ _ _ _ _ _ _ _ _ _ _ _ _ _ _ _ _ _ _ _ _ _ _ _ _ _ _ _ _ _ _ _ _ _ _ _ _ _ _ _ _ _ _ _ _ _ _ _ _ _ _ _ _ _ _ _ _ _ _ _ _ _ _ _ _ _ _ _ _ _ _ _ _ _ _ _ _ _ _ _ _ _ _ _ _ _ _ _ _ _ _ _ _ _ _ _ _ _ _ _ _ _ _ _ _ _ _ _ _ _ _ _\nlesson_10\\CalcMainPageAllure.py:50: in click_button\n    btn = self.wait.until(\n_ _ _ _ _ _ _ _ _ _ _ _ _ _ _ _ _ _ _ _ _ _ _ _ _ _ _ _ _ _ _ _ _ _ _ _ _ _ _ _ _ _ _ _ _ _ _ _ _ _ _ _ _ _ _ _ _ _ _ _ _ _ _ _ _ _ _ _ _ _ _ _ _ _ _ _ _ _ _ _ _ _ _ _ _ _ _ _ _ _ _ _ _ _ _ _ _ _ _ _ _ _ _ _ _ _ _ _ _ _ _ _ _ _ _\n\nself = <selenium.webdriver.support.wait.WebDriverWait (session=\"061fdc5aad4f0ddb266c55303094af55\")>, method = <function element_to_be_clickable.<locals>._predicate at 0x0000026D13DA5DA0>, message = ''\n\n    def until(self, method: Callable[[D], Union[Literal[False], T]], message: str = \"\") -> T:\n        \"\"\"Wait until the method returns a value that is not False.\n    \n        Calls the method provided with the driver as an argument until the\n        return value does not evaluate to ``False``.\n    \n        Parameters:\n        -----------\n        method: callable(WebDriver)\n            - A callable object that takes a WebDriver instance as an argument.\n    \n        message: str\n            - Optional message for :exc:`TimeoutException`\n    \n        Return:\n        -------\n        object: T\n            - The result of the last call to `method`\n    \n        Raises:\n        -------\n        TimeoutException\n            - If 'method' does not return a truthy value within the WebDriverWait\n            object's timeout\n    \n        Example:\n        --------\n        >>> from selenium.webdriver.common.by import By\n        >>> from selenium.webdriver.support.ui import WebDriverWait\n        >>> from selenium.webdriver.support import expected_conditions as EC\n    \n        # Wait until an element is visible on the page\n        >>> wait = WebDriverWait(driver, 10)\n        >>> element = wait.until(EC.visibility_of_element_located((By.ID, \"exampleId\")))\n        >>> print(element.text)\n        \"\"\"\n        screen = None\n        stacktrace = None\n    \n        end_time = time.monotonic() + self._timeout\n        while True:\n            try:\n                value = method(self._driver)\n                if value:\n                    return value\n            except self._ignored_exceptions as exc:\n                screen = getattr(exc, \"screen\", None)\n                stacktrace = getattr(exc, \"stacktrace\", None)\n            if time.monotonic() > end_time:\n                break\n            time.sleep(self._poll)\n>       raise TimeoutException(message, screen, stacktrace)\nE       selenium.common.exceptions.TimeoutException: Message: \nE       Stacktrace:\nE       \tGetHandleVerifier [0x0x7ff787133d85+79397]\nE       \tGetHandleVerifier [0x0x7ff787133de0+79488]\nE       \t(No symbol) [0x0x7ff786edc0fa]\nE       \t(No symbol) [0x0x7ff786f32fd6]\nE       \t(No symbol) [0x0x7ff786f3328c]\nE       \t(No symbol) [0x0x7ff786f86537]\nE       \t(No symbol) [0x0x7ff786f5b1df]\nE       \t(No symbol) [0x0x7ff786f83344]\nE       \t(No symbol) [0x0x7ff786f5af73]\nE       \t(No symbol) [0x0x7ff786f241b1]\nE       \t(No symbol) [0x0x7ff786f24f43]\nE       \tGetHandleVerifier [0x0x7ff7873fe1ed+3005069]\nE       \tGetHandleVerifier [0x0x7ff7873f831d+2980797]\nE       \tGetHandleVerifier [0x0x7ff787417e0d+3110573]\nE       \tGetHandleVerifier [0x0x7ff78714d6de+184190]\nE       \tGetHandleVerifier [0x0x7ff78715516f+215567]\nE       \tGetHandleVerifier [0x0x7ff78713c974+115220]\nE       \tGetHandleVerifier [0x0x7ff78713cb29+115657]\nE       \tGetHandleVerifier [0x0x7ff787123268+11016]\nE       \tBaseThreadInitThunk [0x0x7ffed172e8d7+23]\nE       \tRtlUserThreadStart [0x0x7ffed2168d9c+44]\n\n..\\..\\AppData\\Local\\Programs\\Python\\Python313\\Lib\\site-packages\\selenium\\webdriver\\support\\wait.py:138: TimeoutException"}, "description": "Проверка корректности расчётов калькулятора при разных операциях.", "steps": [{"name": "Открываем страницу калькулятора", "status": "passed", "steps": [{"name": "Открываем страницу калькулятора", "status": "passed", "start": 1757588262213, "stop": 1757588262584}], "start": 1757588262213, "stop": 1757588262584}, {"name": "Устанавливаем задержку: 1 сек", "status": "passed", "steps": [{"name": "Устанавливаем задержку: 1 сек", "status": "passed", "parameters": [{"name": "seconds", "value": "1"}], "start": 1757588262585, "stop": 1757588262895}], "start": 1757588262585, "stop": 1757588262895}, {"name": "Выполняем нажатия на кнопки", "status": "broken", "statusDetails": {"message": "selenium.common.exceptions.TimeoutException: Message: \nStacktrace:\n\tGetHandleVerifier [0x0x7ff787133d85+79397]\n\tGetHandleVerifier [0x0x7ff787133de0+79488]\n\t(No symbol) [0x0x7ff786edc0fa]\n\t(No symbol) [0x0x7ff786f32fd6]\n\t(No symbol) [0x0x7ff786f3328c]\n\t(No symbol) [0x0x7ff786f86537]\n\t(No symbol) [0x0x7ff786f5b1df]\n\t(No symbol) [0x0x7ff786f83344]\n\t(No symbol) [0x0x7ff786f5af73]\n\t(No symbol) [0x0x7ff786f241b1]\n\t(No symbol) [0x0x7ff786f24f43]\n\tGetHandleVerifier [0x0x7ff7873fe1ed+3005069]\n\tGetHandleVerifier [0x0x7ff7873f831d+2980797]\n\tGetHandleVerifier [0x0x7ff787417e0d+3110573]\n\tGetHandleVerifier [0x0x7ff78714d6de+184190]\n\tGetHandleVerifier [0x0x7ff78715516f+215567]\n\tGetHandleVerifier [0x0x7ff78713c974+115220]\n\tGetHandleVerifier [0x0x7ff78713cb29+115657]\n\tGetHandleVerifier [0x0x7ff787123268+11016]\n\tBaseThreadInitThunk [0x0x7ffed172e8d7+23]\n\tRtlUserThreadStart [0x0x7ffed2168d9c+44]\n\n", "trace": "  File \"C:\\Users\\alena\\Documents\\QA_Automation_Python\\lesson_10\\test_calc_page_allure.py\", line 41, in test_calculator_operations\n    page.click_button(operation)\n    ~~~~~~~~~~~~~~~~~^^^^^^^^^^^\n  File \"C:\\Users\\alena\\AppData\\Local\\Programs\\Python\\Python313\\Lib\\site-packages\\allure_commons\\_allure.py\", line 202, in impl\n    return func(*a, **kw)\n  File \"C:\\Users\\alena\\Documents\\QA_Automation_Python\\lesson_10\\CalcMainPageAllure.py\", line 50, in click_button\n    btn = self.wait.until(\n        EC.element_to_be_clickable(self._button_locator(label))\n    )\n  File \"C:\\Users\\alena\\AppData\\Local\\Programs\\Python\\Python313\\Lib\\site-packages\\selenium\\webdriver\\support\\wait.py\", line 138, in until\n    raise TimeoutException(message, screen, stacktrace)\n"}, "steps": [{"name": "Нажимаем кнопку: '8'", "status": "passed", "parameters": [{"name": "label", "value": "'8'"}], "start": 1757588262895, "stop": 1757588262971}, {"name": "Нажимаем кнопку: ':'", "status": "broken", "statusDetails": {"message": "selenium.common.exceptions.TimeoutException: Message: \nStacktrace:\n\tGetHandleVerifier [0x0x7ff787133d85+79397]\n\tGetHandleVerifier [0x0x7ff787133de0+79488]\n\t(No symbol) [0x0x7ff786edc0fa]\n\t(No symbol) [0x0x7ff786f32fd6]\n\t(No symbol) [0x0x7ff786f3328c]\n\t(No symbol) [0x0x7ff786f86537]\n\t(No symbol) [0x0x7ff786f5b1df]\n\t(No symbol) [0x0x7ff786f83344]\n\t(No symbol) [0x0x7ff786f5af73]\n\t(No symbol) [0x0x7ff786f241b1]\n\t(No symbol) [0x0x7ff786f24f43]\n\tGetHandleVerifier [0x0x7ff7873fe1ed+3005069]\n\tGetHandleVerifier [0x0x7ff7873f831d+2980797]\n\tGetHandleVerifier [0x0x7ff787417e0d+3110573]\n\tGetHandleVerifier [0x0x7ff78714d6de+184190]\n\tGetHandleVerifier [0x0x7ff78715516f+215567]\n\tGetHandleVerifier [0x0x7ff78713c974+115220]\n\tGetHandleVerifier [0x0x7ff78713cb29+115657]\n\tGetHandleVerifier [0x0x7ff787123268+11016]\n\tBaseThreadInitThunk [0x0x7ffed172e8d7+23]\n\tRtlUserThreadStart [0x0x7ffed2168d9c+44]\n\n", "trace": "  File \"C:\\Users\\alena\\AppData\\Local\\Programs\\Python\\Python313\\Lib\\site-packages\\allure_commons\\_allure.py\", line 202, in impl\n    return func(*a, **kw)\n  File \"C:\\Users\\alena\\Documents\\QA_Automation_Python\\lesson_10\\CalcMainPageAllure.py\", line 50, in click_button\n    btn = self.wait.until(\n        EC.element_to_be_clickable(self._button_locator(label))\n    )\n  File \"C:\\Users\\alena\\AppData\\Local\\Programs\\Python\\Python313\\Lib\\site-packages\\selenium\\webdriver\\support\\wait.py\", line 138, in until\n    raise TimeoutException(message, screen, stacktrace)\n"}, "parameters": [{"name": "label", "value": "':'"}], "start": 1757588262971, "stop": 1757588323026}], "start": 1757588262895, "stop": 1757588323027}], "parameters": [{"name": "num1", "value": "'8'"}, {"name": "operation", "value": "':'"}, {"name": "num2", "value": "'2'"}, {"name": "expected_result", "value": "'4'"}, {"name": "delay", "value": "1"}], "start": 1757588262213, "stop": 1757588323029, "uuid": "8878959a-9045-4504-8e53-a9de3e3958bd", "historyId": "84781fc2f4867be0251e336f68c08a9b", "testCaseId": "aade8d6d9d8d730a3c1524ec30597859", "fullName": "lesson_10.test_calc_page_allure#test_calculator_operations", "labels": [{"name": "severity", "value": "critical"}, {"name": "feature", "value": "Калькулятор"}, {"name": "parentSuite", "value": "lesson_10"}, {"name": "suite", "value": "test_calc_page_allure"}, {"name": "host", "value": "DESKTOP-TI7Q3PP"}, {"name": "thread", "value": "11156-MainThread"}, {"name": "framework", "value": "pytest"}, {"name": "language", "value": "cpython3"}, {"name": "package", "value": "lesson_10.test_calc_page_allure"}], "titlePath": ["lesson_10", "test_calc_page_allure.py"]}